2026-07-16 10:47:24 [] INFO  c.r.a.AuditAnalyticsServiceApplication - Starting AuditAnalyticsServiceApplication using Java 21.0.2 with PID 12404 (C:\Users\2507305\Desktop\MicroServices\audit-analytics-service\target\classes started by 2507305 in C:\Users\2507305\Desktop\MicroServices\audit-analytics-service)
2026-07-16 10:47:24 [] DEBUG c.r.a.AuditAnalyticsServiceApplication - Running with Spring Boot v3.2.0, Spring v6.1.1
2026-07-16 10:47:24 [] INFO  c.r.a.AuditAnalyticsServiceApplication - No active profile set, falling back to 1 default profile: "default"
2026-07-16 10:47:24 [] INFO  o.s.c.c.c.ConfigServerConfigDataLoader - Fetching config from server at : http://localhost:8888
2026-07-16 10:47:24 [] INFO  o.s.c.c.c.ConfigServerConfigDataLoader - Located environment: name=audit-analytics-service, profiles=[default], label=null, version=null, state=null
2026-07-16 10:47:25 [] INFO  o.s.d.r.c.RepositoryConfigurationDelegate - Bootstrapping Spring Data JPA repositories in DEFAULT mode.
2026-07-16 10:47:25 [] INFO  o.s.d.r.c.RepositoryConfigurationDelegate - Finished Spring Data repository scanning in 106 ms. Found 3 JPA repository interfaces.
2026-07-16 10:47:26 [] INFO  o.s.cloud.context.scope.GenericScope - BeanFactory id=f166a8af-285f-3095-b0c2-20acbb19b05c
2026-07-16 10:47:26 [] WARN  o.s.c.s.PostProcessorRegistrationDelegate$BeanPostProcessorChecker - Bean 'org.springframework.cloud.client.loadbalancer.LoadBalancerAutoConfiguration$LoadBalancerInterceptorConfig' of type [org.springframework.cloud.client.loadbalancer.LoadBalancerAutoConfiguration$LoadBalancerInterceptorConfig] is not eligible for getting processed by all BeanPostProcessors (for example: not eligible for auto-proxying). The currently created BeanPostProcessor [lbRestClientPostProcessor] is declared through a non-static factory method on that class; consider declaring it as static instead.
2026-07-16 10:47:26 [] WARN  o.s.c.s.PostProcessorRegistrationDelegate$BeanPostProcessorChecker - Bean 'org.springframework.cloud.loadbalancer.config.BlockingLoadBalancerClientAutoConfiguration' of type [org.springframework.cloud.loadbalancer.config.BlockingLoadBalancerClientAutoConfiguration] is not eligible for getting processed by all BeanPostProcessors (for example: not eligible for auto-proxying). Is this bean getting eagerly injected into a currently created BeanPostProcessor [lbRestClientPostProcessor]? Check the corresponding BeanPostProcessor declaration and its dependencies.
2026-07-16 10:47:26 [] WARN  o.s.c.s.PostProcessorRegistrationDelegate$BeanPostProcessorChecker - Bean 'org.springframework.cloud.loadbalancer.config.LoadBalancerAutoConfiguration' of type [org.springframework.cloud.loadbalancer.config.LoadBalancerAutoConfiguration] is not eligible for getting processed by all BeanPostProcessors (for example: not eligible for auto-proxying). Is this bean getting eagerly injected into a currently created BeanPostProcessor [lbRestClientPostProcessor]? Check the corresponding BeanPostProcessor declaration and its dependencies.
2026-07-16 10:47:26 [] WARN  o.s.c.s.PostProcessorRegistrationDelegate$BeanPostProcessorChecker - Bean 'org.springframework.cloud.commons.config.CommonsConfigAutoConfiguration' of type [org.springframework.cloud.commons.config.CommonsConfigAutoConfiguration] is not eligible for getting processed by all BeanPostProcessors (for example: not eligible for auto-proxying). Is this bean getting eagerly injected into a currently created BeanPostProcessor [lbRestClientPostProcessor]? Check the corresponding BeanPostProcessor declaration and its dependencies.
2026-07-16 10:47:26 [] WARN  o.s.c.s.PostProcessorRegistrationDelegate$BeanPostProcessorChecker - Bean 'org.springframework.cloud.client.loadbalancer.LoadBalancerDefaultMappingsProviderAutoConfiguration' of type [org.springframework.cloud.client.loadbalancer.LoadBalancerDefaultMappingsProviderAutoConfiguration] is not eligible for getting processed by all BeanPostProcessors (for example: not eligible for auto-proxying). Is this bean getting eagerly injected into a currently created BeanPostProcessor [lbRestClientPostProcessor]? Check the corresponding BeanPostProcessor declaration and its dependencies.
2026-07-16 10:47:26 [] WARN  o.s.c.s.PostProcessorRegistrationDelegate$BeanPostProcessorChecker - Bean 'loadBalancerClientsDefaultsMappingsProvider' of type [org.springframework.cloud.client.loadbalancer.LoadBalancerDefaultMappingsProviderAutoConfiguration$$Lambda/0x000001534c52df38] is not eligible for getting processed by all BeanPostProcessors (for example: not eligible for auto-proxying). Is this bean getting eagerly injected into a currently created BeanPostProcessor [lbRestClientPostProcessor]? Check the corresponding BeanPostProcessor declaration and its dependencies.
2026-07-16 10:47:26 [] WARN  o.s.c.s.PostProcessorRegistrationDelegate$BeanPostProcessorChecker - Bean 'defaultsBindHandlerAdvisor' of type [org.springframework.cloud.commons.config.DefaultsBindHandlerAdvisor] is not eligible for getting processed by all BeanPostProcessors (for example: not eligible for auto-proxying). Is this bean getting eagerly injected into a currently created BeanPostProcessor [lbRestClientPostProcessor]? Check the corresponding BeanPostProcessor declaration and its dependencies.
2026-07-16 10:47:26 [] WARN  o.s.c.s.PostProcessorRegistrationDelegate$BeanPostProcessorChecker - Bean 'spring.cloud.loadbalancer-org.springframework.cloud.client.loadbalancer.LoadBalancerClientsProperties' of type [org.springframework.cloud.client.loadbalancer.LoadBalancerClientsProperties] is not eligible for getting processed by all BeanPostProcessors (for example: not eligible for auto-proxying). Is this bean getting eagerly injected into a currently created BeanPostProcessor [lbRestClientPostProcessor]? Check the corresponding BeanPostProcessor declaration and its dependencies.
2026-07-16 10:47:26 [] WARN  o.s.c.s.PostProcessorRegistrationDelegate$BeanPostProcessorChecker - Bean 'default.org.springframework.cloud.loadbalancer.config.LoadBalancerAutoConfiguration.LoadBalancerClientSpecification' of type [org.springframework.cloud.loadbalancer.annotation.LoadBalancerClientSpecification] is not eligible for getting processed by all BeanPostProcessors (for example: not eligible for auto-proxying). Is this bean getting eagerly injected into a currently created BeanPostProcessor [lbRestClientPostProcessor]? Check the corresponding BeanPostProcessor declaration and its dependencies.
2026-07-16 10:47:26 [] WARN  o.s.c.s.PostProcessorRegistrationDelegate$BeanPostProcessorChecker - Bean 'default.org.springframework.cloud.loadbalancer.config.BlockingLoadBalancerClientAutoConfiguration.LoadBalancerClientSpecification' of type [org.springframework.cloud.loadbalancer.annotation.LoadBalancerClientSpecification] is not eligible for getting processed by all BeanPostProcessors (for example: not eligible for auto-proxying). Is this bean getting eagerly injected into a currently created BeanPostProcessor [lbRestClientPostProcessor]? Check the corresponding BeanPostProcessor declaration and its dependencies.
2026-07-16 10:47:26 [] WARN  o.s.c.s.PostProcessorRegistrationDelegate$BeanPostProcessorChecker - Bean 'default.org.springframework.cloud.netflix.eureka.loadbalancer.LoadBalancerEurekaAutoConfiguration.LoadBalancerClientSpecification' of type [org.springframework.cloud.loadbalancer.annotation.LoadBalancerClientSpecification] is not eligible for getting processed by all BeanPostProcessors (for example: not eligible for auto-proxying). Is this bean getting eagerly injected into a currently created BeanPostProcessor [lbRestClientPostProcessor]? Check the corresponding BeanPostProcessor declaration and its dependencies.
2026-07-16 10:47:26 [] WARN  o.s.c.s.PostProcessorRegistrationDelegate$BeanPostProcessorChecker - Bean 'loadBalancerClientFactory' of type [org.springframework.cloud.loadbalancer.support.LoadBalancerClientFactory] is not eligible for getting processed by all BeanPostProcessors (for example: not eligible for auto-proxying). Is this bean getting eagerly injected into a currently created BeanPostProcessor [lbRestClientPostProcessor]? Check the corresponding BeanPostProcessor declaration and its dependencies.
2026-07-16 10:47:26 [] WARN  o.s.c.s.PostProcessorRegistrationDelegate$BeanPostProcessorChecker - Bean 'blockingLoadBalancerClient' of type [org.springframework.cloud.loadbalancer.blocking.client.BlockingLoadBalancerClient] is not eligible for getting processed by all BeanPostProcessors (for example: not eligible for auto-proxying). Is this bean getting eagerly injected into a currently created BeanPostProcessor [lbRestClientPostProcessor]? Check the corresponding BeanPostProcessor declaration and its dependencies.
2026-07-16 10:47:26 [] WARN  o.s.c.s.PostProcessorRegistrationDelegate$BeanPostProcessorChecker - Bean 'loadBalancerServiceInstanceCookieTransformer' of type [org.springframework.cloud.loadbalancer.core.LoadBalancerServiceInstanceCookieTransformer] is not eligible for getting processed by all BeanPostProcessors (for example: not eligible for auto-proxying). Is this bean getting eagerly injected into a currently created BeanPostProcessor [lbRestClientPostProcessor]? Check the corresponding BeanPostProcessor declaration and its dependencies.
2026-07-16 10:47:26 [] WARN  o.s.c.s.PostProcessorRegistrationDelegate$BeanPostProcessorChecker - Bean 'xForwarderHeadersTransformer' of type [org.springframework.cloud.loadbalancer.blocking.XForwardedHeadersTransformer] is not eligible for getting processed by all BeanPostProcessors (for example: not eligible for auto-proxying). Is this bean getting eagerly injected into a currently created BeanPostProcessor [lbRestClientPostProcessor]? Check the corresponding BeanPostProcessor declaration and its dependencies.
2026-07-16 10:47:26 [] WARN  o.s.c.s.PostProcessorRegistrationDelegate$BeanPostProcessorChecker - Bean 'org.springframework.cloud.client.loadbalancer.LoadBalancerAutoConfiguration' of type [org.springframework.cloud.client.loadbalancer.LoadBalancerAutoConfiguration] is not eligible for getting processed by all BeanPostProcessors (for example: not eligible for auto-proxying). Is this bean getting eagerly injected into a currently created BeanPostProcessor [lbRestClientPostProcessor]? Check the corresponding BeanPostProcessor declaration and its dependencies.
2026-07-16 10:47:26 [] WARN  o.s.c.s.PostProcessorRegistrationDelegate$BeanPostProcessorChecker - Bean 'loadBalancerRequestFactory' of type [org.springframework.cloud.client.loadbalancer.LoadBalancerRequestFactory] is not eligible for getting processed by all BeanPostProcessors (for example: not eligible for auto-proxying). Is this bean getting eagerly injected into a currently created BeanPostProcessor [lbRestClientPostProcessor]? Check the corresponding BeanPostProcessor declaration and its dependencies.
2026-07-16 10:47:26 [] WARN  o.s.c.s.PostProcessorRegistrationDelegate$BeanPostProcessorChecker - Bean 'loadBalancerInterceptor' of type [org.springframework.cloud.client.loadbalancer.LoadBalancerInterceptor] is not eligible for getting processed by all BeanPostProcessors (for example: not eligible for auto-proxying). Is this bean getting eagerly injected into a currently created BeanPostProcessor [lbRestClientPostProcessor]? Check the corresponding BeanPostProcessor declaration and its dependencies.
2026-07-16 10:47:26 [] INFO  o.s.b.w.e.tomcat.TomcatWebServer - Tomcat initialized with port 8084 (http)
2026-07-16 10:47:26 [] INFO  o.a.catalina.core.StandardService - Starting service [Tomcat]
2026-07-16 10:47:26 [] INFO  o.a.catalina.core.StandardEngine - Starting Servlet engine: [Apache Tomcat/10.1.16]
2026-07-16 10:47:26 [] INFO  o.a.c.c.C.[Tomcat].[localhost].[/] - Initializing Spring embedded WebApplicationContext
2026-07-16 10:47:26 [] INFO  o.s.b.w.s.c.ServletWebServerApplicationContext - Root WebApplicationContext: initialization completed in 1979 ms
2026-07-16 10:47:27 [] DEBUG c.r.a.s.JwtAuthenticationFilter - Filter 'jwtAuthenticationFilter' configured for use
2026-07-16 10:47:27 [] INFO  o.h.jpa.internal.util.LogHelper - HHH000204: Processing PersistenceUnitInfo [name: default]
2026-07-16 10:47:27 [] INFO  org.hibernate.Version - HHH000412: Hibernate ORM core version 6.3.1.Final
2026-07-16 10:47:27 [] INFO  o.h.c.i.RegionFactoryInitiator - HHH000026: Second-level cache disabled
2026-07-16 10:47:27 [] INFO  o.s.o.j.p.SpringPersistenceUnitInfo - No LoadTimeWeaver setup: ignoring JPA class transformer
2026-07-16 10:47:27 [] INFO  com.zaxxer.hikari.HikariDataSource - HikariPool-1 - Starting...
2026-07-16 10:47:27 [] INFO  com.zaxxer.hikari.pool.HikariPool - HikariPool-1 - Added connection com.mysql.cj.jdbc.ConnectionImpl@1d82d35c
2026-07-16 10:47:27 [] INFO  com.zaxxer.hikari.HikariDataSource - HikariPool-1 - Start completed.
2026-07-16 10:47:27 [] WARN  org.hibernate.orm.deprecation - HHH90000025: MySQLDialect does not need to be specified explicitly using 'hibernate.dialect' (remove the property setting and it will be selected by default)
2026-07-16 10:47:28 [] INFO  o.h.e.t.j.p.i.JtaPlatformInitiator - HHH000489: No JTA platform available (set 'hibernate.transaction.jta.platform' to enable JTA platform integration)
2026-07-16 10:47:28 [] INFO  o.s.o.j.LocalContainerEntityManagerFactoryBean - Initialized JPA EntityManagerFactory for persistence unit 'default'
2026-07-16 10:47:29 [] WARN  o.s.b.a.o.j.JpaBaseConfiguration$JpaWebConfiguration - spring.jpa.open-in-view is enabled by default. Therefore, database queries may be performed during view rendering. Explicitly configure spring.jpa.open-in-view to disable this warning
2026-07-16 10:47:29 [] INFO  o.s.c.o.FeignClientFactoryBean - For 'return-management-service' URL not provided. Will try picking an instance via load-balancing.
2026-07-16 10:47:29 [] INFO  o.s.c.o.FeignClientFactoryBean - For 'compliance-core-service' URL not provided. Will try picking an instance via load-balancing.
2026-07-16 10:47:29 [] WARN  o.s.b.a.s.s.UserDetailsServiceAutoConfiguration - 

Using generated security password: 22020cf5-54fb-4a45-b41d-e78b12acd20e

This generated password is for development use only. Your security configuration must be updated before running your application in production.

2026-07-16 10:47:30 [] INFO  o.s.b.a.e.web.EndpointLinksResolver - Exposing 4 endpoint(s) beneath base path '/actuator'
2026-07-16 10:47:30 [] INFO  o.s.s.web.DefaultSecurityFilterChain - Will secure any request with [org.springframework.security.web.session.DisableEncodeUrlFilter@34278424, org.springframework.security.web.context.request.async.WebAsyncManagerIntegrationFilter@75e39b41, org.springframework.security.web.context.SecurityContextHolderFilter@66d1cdea, org.springframework.security.web.header.HeaderWriterFilter@6659e7f5, org.springframework.web.filter.CorsFilter@5fddd0fc, org.springframework.security.web.authentication.logout.LogoutFilter@2c15ced4, com.regulareedge.auditanalyticsservice.security.JwtAuthenticationFilter@393bcd6b, org.springframework.security.web.savedrequest.RequestCacheAwareFilter@46c22d8e, org.springframework.security.web.servletapi.SecurityContextHolderAwareRequestFilter@35188cd2, org.springframework.security.web.authentication.AnonymousAuthenticationFilter@682d0957, org.springframework.security.web.session.SessionManagementFilter@4b0f5c72, org.springframework.security.web.access.ExceptionTranslationFilter@4c5a9ddc, org.springframework.security.web.access.intercept.AuthorizationFilter@5d676a02]
2026-07-16 10:47:31 [] INFO  o.s.c.n.e.c.DiscoveryClientOptionalArgsConfiguration - Eureka HTTP Client uses RestTemplate.
2026-07-16 10:47:31 [] WARN  o.s.c.l.c.LoadBalancerCacheAutoConfiguration$LoadBalancerCaffeineWarnLogger - Spring Cloud LoadBalancer is currently working with the default cache. While this cache implementation is useful for development and tests, it's recommended to use Caffeine cache in production.You can switch to using Caffeine cache, by adding it and org.springframework.cache.caffeine.CaffeineCacheManager to the classpath.
2026-07-16 10:47:31 [] INFO  o.s.c.n.eureka.InstanceInfoFactory - Setting initial instance status as: STARTING
2026-07-16 10:47:31 [] INFO  c.netflix.discovery.DiscoveryClient - Initializing Eureka in region us-east-1
2026-07-16 10:47:31 [] INFO  c.n.d.s.r.aws.ConfigClusterResolver - Resolving eureka endpoints via configuration
2026-07-16 10:47:31 [] INFO  c.netflix.discovery.DiscoveryClient - Disable delta property : false
2026-07-16 10:47:31 [] INFO  c.netflix.discovery.DiscoveryClient - Single vip registry refresh property : null
2026-07-16 10:47:31 [] INFO  c.netflix.discovery.DiscoveryClient - Force full registry fetch : false
2026-07-16 10:47:31 [] INFO  c.netflix.discovery.DiscoveryClient - Application is null : false
2026-07-16 10:47:31 [] INFO  c.netflix.discovery.DiscoveryClient - Registered Applications size is zero : true
2026-07-16 10:47:31 [] INFO  c.netflix.discovery.DiscoveryClient - Application version is -1: true
2026-07-16 10:47:31 [] INFO  c.netflix.discovery.DiscoveryClient - Getting all instance registry info from the eureka server
2026-07-16 10:47:31 [] INFO  c.netflix.discovery.DiscoveryClient - The response status is 200
2026-07-16 10:47:31 [] INFO  c.netflix.discovery.DiscoveryClient - Starting heartbeat executor: renew interval is: 10
2026-07-16 10:47:31 [] INFO  c.n.discovery.InstanceInfoReplicator - InstanceInfoReplicator onDemand update allowed rate per min is 4
2026-07-16 10:47:31 [] INFO  c.netflix.discovery.DiscoveryClient - Discovery Client initialized at timestamp 1784179051828 with initial instances count: 4
2026-07-16 10:47:31 [] INFO  o.s.c.n.e.s.EurekaServiceRegistry - Registering application AUDIT-ANALYTICS-SERVICE with eureka with status UP
2026-07-16 10:47:31 [] INFO  c.netflix.discovery.DiscoveryClient - Saw local status change event StatusChangeEvent [timestamp=1784179051845, current=UP, previous=STARTING]
2026-07-16 10:47:31 [] INFO  c.netflix.discovery.DiscoveryClient - DiscoveryClient_AUDIT-ANALYTICS-SERVICE/LTIN708245.cts.com:audit-analytics-service:8084: registering service...
2026-07-16 10:47:31 [] INFO  o.s.b.w.e.tomcat.TomcatWebServer - Tomcat started on port 8084 (http) with context path ''
2026-07-16 10:47:31 [] INFO  o.s.c.n.e.s.EurekaAutoServiceRegistration - Updating port to 8084
2026-07-16 10:47:31 [] INFO  c.r.a.AuditAnalyticsServiceApplication - Started AuditAnalyticsServiceApplication in 7.762 seconds (process running for 8.099)
2026-07-16 10:47:31 [] INFO  c.netflix.discovery.DiscoveryClient - DiscoveryClient_AUDIT-ANALYTICS-SERVICE/LTIN708245.cts.com:audit-analytics-service:8084 - registration status: 204
2026-07-16 10:48:01 [] INFO  o.a.c.c.C.[Tomcat].[localhost].[/] - Initializing Spring DispatcherServlet 'dispatcherServlet'
2026-07-16 10:48:01 [] INFO  o.s.web.servlet.DispatcherServlet - Initializing Servlet 'dispatcherServlet'
2026-07-16 10:48:01 [] INFO  o.s.web.servlet.DispatcherServlet - Completed initialization in 1 ms
2026-07-16 10:48:01 [] WARN  o.s.w.s.h.HandlerMappingIntrospector - Cache miss for REQUEST dispatch to '/actuator/health' (previous null). Performing CorsConfiguration lookup. This is logged once only at WARN level, and every time at TRACE.
2026-07-16 10:48:01 [] WARN  o.s.w.s.h.HandlerMappingIntrospector - Cache miss for REQUEST dispatch to '/actuator/health' (previous null). Performing MatchableHandlerMapping lookup. This is logged once only at WARN level, and every time at TRACE.
2026-07-16 10:48:23 [] DEBUG c.r.a.aspect.LoggingAspect - Entering DashboardController.dashboard() with arguments: []
2026-07-16 10:48:23 [] DEBUG c.r.a.aspect.LoggingAspect - Entering DashboardAggregationServiceImpl.getSummary() with arguments: []
2026-07-16 10:48:23 [] DEBUG c.r.a.aspect.LoggingAspect - Entering ReturnManagementQueryServiceImpl.getReturnsByStatus(..) with arguments: [PENDING_CCO_APPROVAL]
2026-07-16 10:48:23 [] INFO  c.r.a.aspect.LoggingAspect - Exiting ReturnManagementQueryServiceImpl.getReturnsByStatus(..) - executed in 83 ms
2026-07-16 10:48:23 [] DEBUG c.r.a.aspect.LoggingAspect - Entering ReturnManagementQueryServiceImpl.getPenaltiesByStatus(..) with arguments: [OPEN]
2026-07-16 10:48:23 [] INFO  c.r.a.aspect.LoggingAspect - Exiting ReturnManagementQueryServiceImpl.getPenaltiesByStatus(..) - executed in 13 ms
2026-07-16 10:48:23 [] INFO  c.r.a.aspect.LoggingAspect - Exiting DashboardAggregationServiceImpl.getSummary() - executed in 113 ms
2026-07-16 10:48:23 [] INFO  c.r.a.aspect.LoggingAspect - Exiting DashboardController.dashboard() - executed in 127 ms
2026-07-16 10:52:31 [] INFO  c.n.d.s.r.aws.ConfigClusterResolver - Resolving eureka endpoints via configuration
2026-07-16 10:57:31 [] INFO  c.n.d.s.r.aws.ConfigClusterResolver - Resolving eureka endpoints via configuration
2026-07-16 11:02:31 [] INFO  c.n.d.s.r.aws.ConfigClusterResolver - Resolving eureka endpoints via configuration
2026-07-16 11:07:33 [] INFO  c.n.d.s.r.aws.ConfigClusterResolver - Resolving eureka endpoints via configuration
2026-07-16 11:12:33 [] INFO  c.n.d.s.r.aws.ConfigClusterResolver - Resolving eureka endpoints via configuration
2026-07-16 11:17:33 [] INFO  c.n.d.s.r.aws.ConfigClusterResolver - Resolving eureka endpoints via configuration
2026-07-16 11:22:33 [] INFO  c.n.d.s.r.aws.ConfigClusterResolver - Resolving eureka endpoints via configuration
2026-07-16 11:27:33 [] INFO  c.n.d.s.r.aws.ConfigClusterResolver - Resolving eureka endpoints via configuration
2026-07-16 11:32:33 [] INFO  c.n.d.s.r.aws.ConfigClusterResolver - Resolving eureka endpoints via configuration
2026-07-16 11:37:33 [] INFO  c.n.d.s.r.aws.ConfigClusterResolver - Resolving eureka endpoints via configuration
2026-07-16 11:42:33 [] INFO  c.n.d.s.r.aws.ConfigClusterResolver - Resolving eureka endpoints via configuration
2026-07-16 11:47:33 [] INFO  c.n.d.s.r.aws.ConfigClusterResolver - Resolving eureka endpoints via configuration
2026-07-16 11:48:30 [] DEBUG c.r.a.aspect.LoggingAspect - Entering DashboardController.dashboard() with arguments: []
2026-07-16 11:48:30 [] DEBUG c.r.a.aspect.LoggingAspect - Entering DashboardAggregationServiceImpl.getSummary() with arguments: []
2026-07-16 11:48:30 [] DEBUG c.r.a.aspect.LoggingAspect - Entering ReturnManagementQueryServiceImpl.getReturnsByStatus(..) with arguments: [PENDING_CCO_APPROVAL]
2026-07-16 11:48:30 [] INFO  c.r.a.aspect.LoggingAspect - Exiting ReturnManagementQueryServiceImpl.getReturnsByStatus(..) - executed in 30 ms
2026-07-16 11:48:30 [] DEBUG c.r.a.aspect.LoggingAspect - Entering ReturnManagementQueryServiceImpl.getPenaltiesByStatus(..) with arguments: [OPEN]
2026-07-16 11:48:30 [] INFO  c.r.a.aspect.LoggingAspect - Exiting ReturnManagementQueryServiceImpl.getPenaltiesByStatus(..) - executed in 11 ms
2026-07-16 11:48:30 [] INFO  c.r.a.aspect.LoggingAspect - Exiting DashboardAggregationServiceImpl.getSummary() - executed in 43 ms
2026-07-16 11:48:30 [] INFO  c.r.a.aspect.LoggingAspect - Exiting DashboardController.dashboard() - executed in 43 ms
2026-07-16 11:50:03 [] DEBUG c.r.a.aspect.LoggingAspect - Entering AuditReviewController.add(..) with arguments: [com.regulareedge.auditanalyticsservice.dto.request.AuditReviewRequest@2256bbc7]
2026-07-16 11:50:03 [] DEBUG c.r.a.aspect.LoggingAspect - Entering AuditReviewServiceImpl.add(..) with arguments: [com.regulareedge.auditanalyticsservice.dto.request.AuditReviewRequest@2256bbc7]
2026-07-16 11:50:03 [] INFO  c.r.a.aspect.LoggingAspect - Exiting AuditReviewServiceImpl.add(..) - executed in 135 ms
2026-07-16 11:50:03 [] INFO  c.r.a.aspect.LoggingAspect - Exiting AuditReviewController.add(..) - executed in 140 ms
2026-07-16 11:50:04 [] DEBUG c.r.a.aspect.LoggingAspect - Entering ControlEvidenceController.upload(..) with arguments: [com.regulareedge.auditanalyticsservice.dto.request.ControlEvidenceRequest@78a74ab5]
2026-07-16 11:50:04 [] DEBUG c.r.a.aspect.LoggingAspect - Entering ControlEvidenceServiceImpl.upload(..) with arguments: [com.regulareedge.auditanalyticsservice.dto.request.ControlEvidenceRequest@78a74ab5]
2026-07-16 11:50:04 [] INFO  c.r.a.aspect.LoggingAspect - Exiting ControlEvidenceServiceImpl.upload(..) - executed in 31 ms
2026-07-16 11:50:04 [] INFO  c.r.a.aspect.LoggingAspect - Exiting ControlEvidenceController.upload(..) - executed in 31 ms
2026-07-16 11:50:27 [] DEBUG c.r.a.aspect.LoggingAspect - Entering DashboardController.dashboard() with arguments: []
2026-07-16 11:50:27 [] DEBUG c.r.a.aspect.LoggingAspect - Entering DashboardAggregationServiceImpl.getSummary() with arguments: []
2026-07-16 11:50:27 [] DEBUG c.r.a.aspect.LoggingAspect - Entering ReturnManagementQueryServiceImpl.getReturnsByStatus(..) with arguments: [PENDING_CCO_APPROVAL]
2026-07-16 11:50:27 [] INFO  c.r.a.aspect.LoggingAspect - Exiting ReturnManagementQueryServiceImpl.getReturnsByStatus(..) - executed in 4 ms
2026-07-16 11:50:27 [] DEBUG c.r.a.aspect.LoggingAspect - Entering ReturnManagementQueryServiceImpl.getPenaltiesByStatus(..) with arguments: [OPEN]
2026-07-16 11:50:27 [] INFO  c.r.a.aspect.LoggingAspect - Exiting ReturnManagementQueryServiceImpl.getPenaltiesByStatus(..) - executed in 11 ms
2026-07-16 11:50:27 [] INFO  c.r.a.aspect.LoggingAspect - Exiting DashboardAggregationServiceImpl.getSummary() - executed in 25 ms
2026-07-16 11:50:27 [] INFO  c.r.a.aspect.LoggingAspect - Exiting DashboardController.dashboard() - executed in 25 ms
2026-07-16 11:50:28 [] DEBUG c.r.a.aspect.LoggingAspect - Entering DashboardController.allPenalties() with arguments: []
2026-07-16 11:50:28 [] DEBUG c.r.a.aspect.LoggingAspect - Entering DashboardAggregationServiceImpl.getAllPenalties() with arguments: []
2026-07-16 11:50:28 [] DEBUG c.r.a.aspect.LoggingAspect - Entering ReturnManagementQueryServiceImpl.getAllPenalties() with arguments: []
2026-07-16 11:50:28 [] INFO  c.r.a.aspect.LoggingAspect - Exiting ReturnManagementQueryServiceImpl.getAllPenalties() - executed in 16 ms
2026-07-16 11:50:28 [] INFO  c.r.a.aspect.LoggingAspect - Exiting DashboardAggregationServiceImpl.getAllPenalties() - executed in 16 ms
2026-07-16 11:50:28 [] INFO  c.r.a.aspect.LoggingAspect - Exiting DashboardController.allPenalties() - executed in 16 ms
2026-07-16 11:52:33 [] INFO  c.n.d.s.r.aws.ConfigClusterResolver - Resolving eureka endpoints via configuration
2026-07-16 11:57:33 [] INFO  c.n.d.s.r.aws.ConfigClusterResolver - Resolving eureka endpoints via configuration
2026-07-16 12:02:33 [] INFO  c.n.d.s.r.aws.ConfigClusterResolver - Resolving eureka endpoints via configuration
2026-07-16 12:04:14 [] INFO  c.r.a.AuditAnalyticsServiceApplication - Starting AuditAnalyticsServiceApplication using Java 21.0.2 with PID 4444 (C:\Users\2507305\Desktop\MicroServices\audit-analytics-service\target\classes started by 2507305 in C:\Users\2507305\Desktop\MicroServices\audit-analytics-service)
2026-07-16 12:04:14 [] DEBUG c.r.a.AuditAnalyticsServiceApplication - Running with Spring Boot v3.2.0, Spring v6.1.1
2026-07-16 12:04:14 [] INFO  c.r.a.AuditAnalyticsServiceApplication - No active profile set, falling back to 1 default profile: "default"
2026-07-16 12:04:14 [] INFO  o.s.c.c.c.ConfigServerConfigDataLoader - Fetching config from server at : http://localhost:8888
2026-07-16 12:04:14 [] INFO  o.s.c.c.c.ConfigServerConfigDataLoader - Located environment: name=audit-analytics-service, profiles=[default], label=null, version=null, state=null
2026-07-16 12:04:16 [] INFO  o.s.d.r.c.RepositoryConfigurationDelegate - Bootstrapping Spring Data JPA repositories in DEFAULT mode.
2026-07-16 12:04:17 [] INFO  o.s.d.r.c.RepositoryConfigurationDelegate - Finished Spring Data repository scanning in 329 ms. Found 3 JPA repository interfaces.
2026-07-16 12:04:18 [] INFO  o.s.cloud.context.scope.GenericScope - BeanFactory id=f166a8af-285f-3095-b0c2-20acbb19b05c
2026-07-16 12:04:19 [] WARN  o.s.c.s.PostProcessorRegistrationDelegate$BeanPostProcessorChecker - Bean 'org.springframework.cloud.client.loadbalancer.LoadBalancerAutoConfiguration$LoadBalancerInterceptorConfig' of type [org.springframework.cloud.client.loadbalancer.LoadBalancerAutoConfiguration$LoadBalancerInterceptorConfig] is not eligible for getting processed by all BeanPostProcessors (for example: not eligible for auto-proxying). The currently created BeanPostProcessor [lbRestClientPostProcessor] is declared through a non-static factory method on that class; consider declaring it as static instead.
2026-07-16 12:04:19 [] WARN  o.s.c.s.PostProcessorRegistrationDelegate$BeanPostProcessorChecker - Bean 'org.springframework.cloud.loadbalancer.config.BlockingLoadBalancerClientAutoConfiguration' of type [org.springframework.cloud.loadbalancer.config.BlockingLoadBalancerClientAutoConfiguration] is not eligible for getting processed by all BeanPostProcessors (for example: not eligible for auto-proxying). Is this bean getting eagerly injected into a currently created BeanPostProcessor [lbRestClientPostProcessor]? Check the corresponding BeanPostProcessor declaration and its dependencies.
2026-07-16 12:04:19 [] WARN  o.s.c.s.PostProcessorRegistrationDelegate$BeanPostProcessorChecker - Bean 'org.springframework.cloud.loadbalancer.config.LoadBalancerAutoConfiguration' of type [org.springframework.cloud.loadbalancer.config.LoadBalancerAutoConfiguration] is not eligible for getting processed by all BeanPostProcessors (for example: not eligible for auto-proxying). Is this bean getting eagerly injected into a currently created BeanPostProcessor [lbRestClientPostProcessor]? Check the corresponding BeanPostProcessor declaration and its dependencies.
2026-07-16 12:04:19 [] WARN  o.s.c.s.PostProcessorRegistrationDelegate$BeanPostProcessorChecker - Bean 'org.springframework.cloud.commons.config.CommonsConfigAutoConfiguration' of type [org.springframework.cloud.commons.config.CommonsConfigAutoConfiguration] is not eligible for getting processed by all BeanPostProcessors (for example: not eligible for auto-proxying). Is this bean getting eagerly injected into a currently created BeanPostProcessor [lbRestClientPostProcessor]? Check the corresponding BeanPostProcessor declaration and its dependencies.
2026-07-16 12:04:19 [] WARN  o.s.c.s.PostProcessorRegistrationDelegate$BeanPostProcessorChecker - Bean 'org.springframework.cloud.client.loadbalancer.LoadBalancerDefaultMappingsProviderAutoConfiguration' of type [org.springframework.cloud.client.loadbalancer.LoadBalancerDefaultMappingsProviderAutoConfiguration] is not eligible for getting processed by all BeanPostProcessors (for example: not eligible for auto-proxying). Is this bean getting eagerly injected into a currently created BeanPostProcessor [lbRestClientPostProcessor]? Check the corresponding BeanPostProcessor declaration and its dependencies.
2026-07-16 12:04:19 [] WARN  o.s.c.s.PostProcessorRegistrationDelegate$BeanPostProcessorChecker - Bean 'loadBalancerClientsDefaultsMappingsProvider' of type [org.springframework.cloud.client.loadbalancer.LoadBalancerDefaultMappingsProviderAutoConfiguration$$Lambda/0x00000200a152d928] is not eligible for getting processed by all BeanPostProcessors (for example: not eligible for auto-proxying). Is this bean getting eagerly injected into a currently created BeanPostProcessor [lbRestClientPostProcessor]? Check the corresponding BeanPostProcessor declaration and its dependencies.
2026-07-16 12:04:19 [] WARN  o.s.c.s.PostProcessorRegistrationDelegate$BeanPostProcessorChecker - Bean 'defaultsBindHandlerAdvisor' of type [org.springframework.cloud.commons.config.DefaultsBindHandlerAdvisor] is not eligible for getting processed by all BeanPostProcessors (for example: not eligible for auto-proxying). Is this bean getting eagerly injected into a currently created BeanPostProcessor [lbRestClientPostProcessor]? Check the corresponding BeanPostProcessor declaration and its dependencies.
2026-07-16 12:04:19 [] WARN  o.s.c.s.PostProcessorRegistrationDelegate$BeanPostProcessorChecker - Bean 'spring.cloud.loadbalancer-org.springframework.cloud.client.loadbalancer.LoadBalancerClientsProperties' of type [org.springframework.cloud.client.loadbalancer.LoadBalancerClientsProperties] is not eligible for getting processed by all BeanPostProcessors (for example: not eligible for auto-proxying). Is this bean getting eagerly injected into a currently created BeanPostProcessor [lbRestClientPostProcessor]? Check the corresponding BeanPostProcessor declaration and its dependencies.
2026-07-16 12:04:19 [] WARN  o.s.c.s.PostProcessorRegistrationDelegate$BeanPostProcessorChecker - Bean 'default.org.springframework.cloud.loadbalancer.config.LoadBalancerAutoConfiguration.LoadBalancerClientSpecification' of type [org.springframework.cloud.loadbalancer.annotation.LoadBalancerClientSpecification] is not eligible for getting processed by all BeanPostProcessors (for example: not eligible for auto-proxying). Is this bean getting eagerly injected into a currently created BeanPostProcessor [lbRestClientPostProcessor]? Check the corresponding BeanPostProcessor declaration and its dependencies.
2026-07-16 12:04:19 [] WARN  o.s.c.s.PostProcessorRegistrationDelegate$BeanPostProcessorChecker - Bean 'default.org.springframework.cloud.loadbalancer.config.BlockingLoadBalancerClientAutoConfiguration.LoadBalancerClientSpecification' of type [org.springframework.cloud.loadbalancer.annotation.LoadBalancerClientSpecification] is not eligible for getting processed by all BeanPostProcessors (for example: not eligible for auto-proxying). Is this bean getting eagerly injected into a currently created BeanPostProcessor [lbRestClientPostProcessor]? Check the corresponding BeanPostProcessor declaration and its dependencies.
2026-07-16 12:04:19 [] WARN  o.s.c.s.PostProcessorRegistrationDelegate$BeanPostProcessorChecker - Bean 'default.org.springframework.cloud.netflix.eureka.loadbalancer.LoadBalancerEurekaAutoConfiguration.LoadBalancerClientSpecification' of type [org.springframework.cloud.loadbalancer.annotation.LoadBalancerClientSpecification] is not eligible for getting processed by all BeanPostProcessors (for example: not eligible for auto-proxying). Is this bean getting eagerly injected into a currently created BeanPostProcessor [lbRestClientPostProcessor]? Check the corresponding BeanPostProcessor declaration and its dependencies.
2026-07-16 12:04:19 [] WARN  o.s.c.s.PostProcessorRegistrationDelegate$BeanPostProcessorChecker - Bean 'loadBalancerClientFactory' of type [org.springframework.cloud.loadbalancer.support.LoadBalancerClientFactory] is not eligible for getting processed by all BeanPostProcessors (for example: not eligible for auto-proxying). Is this bean getting eagerly injected into a currently created BeanPostProcessor [lbRestClientPostProcessor]? Check the corresponding BeanPostProcessor declaration and its dependencies.
2026-07-16 12:04:19 [] WARN  o.s.c.s.PostProcessorRegistrationDelegate$BeanPostProcessorChecker - Bean 'blockingLoadBalancerClient' of type [org.springframework.cloud.loadbalancer.blocking.client.BlockingLoadBalancerClient] is not eligible for getting processed by all BeanPostProcessors (for example: not eligible for auto-proxying). Is this bean getting eagerly injected into a currently created BeanPostProcessor [lbRestClientPostProcessor]? Check the corresponding BeanPostProcessor declaration and its dependencies.
2026-07-16 12:04:19 [] WARN  o.s.c.s.PostProcessorRegistrationDelegate$BeanPostProcessorChecker - Bean 'loadBalancerServiceInstanceCookieTransformer' of type [org.springframework.cloud.loadbalancer.core.LoadBalancerServiceInstanceCookieTransformer] is not eligible for getting processed by all BeanPostProcessors (for example: not eligible for auto-proxying). Is this bean getting eagerly injected into a currently created BeanPostProcessor [lbRestClientPostProcessor]? Check the corresponding BeanPostProcessor declaration and its dependencies.
2026-07-16 12:04:19 [] WARN  o.s.c.s.PostProcessorRegistrationDelegate$BeanPostProcessorChecker - Bean 'xForwarderHeadersTransformer' of type [org.springframework.cloud.loadbalancer.blocking.XForwardedHeadersTransformer] is not eligible for getting processed by all BeanPostProcessors (for example: not eligible for auto-proxying). Is this bean getting eagerly injected into a currently created BeanPostProcessor [lbRestClientPostProcessor]? Check the corresponding BeanPostProcessor declaration and its dependencies.
2026-07-16 12:04:19 [] WARN  o.s.c.s.PostProcessorRegistrationDelegate$BeanPostProcessorChecker - Bean 'org.springframework.cloud.client.loadbalancer.LoadBalancerAutoConfiguration' of type [org.springframework.cloud.client.loadbalancer.LoadBalancerAutoConfiguration] is not eligible for getting processed by all BeanPostProcessors (for example: not eligible for auto-proxying). Is this bean getting eagerly injected into a currently created BeanPostProcessor [lbRestClientPostProcessor]? Check the corresponding BeanPostProcessor declaration and its dependencies.
2026-07-16 12:04:19 [] WARN  o.s.c.s.PostProcessorRegistrationDelegate$BeanPostProcessorChecker - Bean 'loadBalancerRequestFactory' of type [org.springframework.cloud.client.loadbalancer.LoadBalancerRequestFactory] is not eligible for getting processed by all BeanPostProcessors (for example: not eligible for auto-proxying). Is this bean getting eagerly injected into a currently created BeanPostProcessor [lbRestClientPostProcessor]? Check the corresponding BeanPostProcessor declaration and its dependencies.
2026-07-16 12:04:19 [] WARN  o.s.c.s.PostProcessorRegistrationDelegate$BeanPostProcessorChecker - Bean 'loadBalancerInterceptor' of type [org.springframework.cloud.client.loadbalancer.LoadBalancerInterceptor] is not eligible for getting processed by all BeanPostProcessors (for example: not eligible for auto-proxying). Is this bean getting eagerly injected into a currently created BeanPostProcessor [lbRestClientPostProcessor]? Check the corresponding BeanPostProcessor declaration and its dependencies.
2026-07-16 12:04:19 [] INFO  o.s.b.w.e.tomcat.TomcatWebServer - Tomcat initialized with port 8084 (http)
2026-07-16 12:04:19 [] INFO  o.a.catalina.core.StandardService - Starting service [Tomcat]
2026-07-16 12:04:19 [] INFO  o.a.catalina.core.StandardEngine - Starting Servlet engine: [Apache Tomcat/10.1.16]
2026-07-16 12:04:20 [] INFO  o.a.c.c.C.[Tomcat].[localhost].[/] - Initializing Spring embedded WebApplicationContext
2026-07-16 12:04:20 [] INFO  o.s.b.w.s.c.ServletWebServerApplicationContext - Root WebApplicationContext: initialization completed in 5361 ms
2026-07-16 12:04:20 [] DEBUG c.r.a.s.JwtAuthenticationFilter - Filter 'jwtAuthenticationFilter' configured for use
2026-07-16 12:04:21 [] INFO  o.h.jpa.internal.util.LogHelper - HHH000204: Processing PersistenceUnitInfo [name: default]
2026-07-16 12:04:21 [] INFO  org.hibernate.Version - HHH000412: Hibernate ORM core version 6.3.1.Final
2026-07-16 12:04:21 [] INFO  o.h.c.i.RegionFactoryInitiator - HHH000026: Second-level cache disabled
2026-07-16 12:04:21 [] INFO  o.s.o.j.p.SpringPersistenceUnitInfo - No LoadTimeWeaver setup: ignoring JPA class transformer
2026-07-16 12:04:21 [] INFO  com.zaxxer.hikari.HikariDataSource - HikariPool-1 - Starting...
2026-07-16 12:04:22 [] INFO  com.zaxxer.hikari.pool.HikariPool - HikariPool-1 - Added connection com.mysql.cj.jdbc.ConnectionImpl@73973e77
2026-07-16 12:04:22 [] INFO  com.zaxxer.hikari.HikariDataSource - HikariPool-1 - Start completed.
2026-07-16 12:04:22 [] WARN  org.hibernate.orm.deprecation - HHH90000025: MySQLDialect does not need to be specified explicitly using 'hibernate.dialect' (remove the property setting and it will be selected by default)
2026-07-16 12:04:23 [] INFO  o.h.e.t.j.p.i.JtaPlatformInitiator - HHH000489: No JTA platform available (set 'hibernate.transaction.jta.platform' to enable JTA platform integration)
2026-07-16 12:04:23 [] INFO  o.s.o.j.LocalContainerEntityManagerFactoryBean - Initialized JPA EntityManagerFactory for persistence unit 'default'
2026-07-16 12:04:25 [] WARN  o.s.b.a.o.j.JpaBaseConfiguration$JpaWebConfiguration - spring.jpa.open-in-view is enabled by default. Therefore, database queries may be performed during view rendering. Explicitly configure spring.jpa.open-in-view to disable this warning
2026-07-16 12:04:25 [] INFO  o.s.c.o.FeignClientFactoryBean - For 'return-management-service' URL not provided. Will try picking an instance via load-balancing.
2026-07-16 12:04:26 [] INFO  o.s.c.o.FeignClientFactoryBean - For 'compliance-core-service' URL not provided. Will try picking an instance via load-balancing.
2026-07-16 12:04:26 [] WARN  o.s.b.a.s.s.UserDetailsServiceAutoConfiguration - 

Using generated security password: 8d94bcd2-582f-47a6-8930-a84b157f229b

This generated password is for development use only. Your security configuration must be updated before running your application in production.

2026-07-16 12:04:27 [] INFO  o.s.b.a.e.web.EndpointLinksResolver - Exposing 4 endpoint(s) beneath base path '/actuator'
2026-07-16 12:04:28 [] INFO  o.s.s.web.DefaultSecurityFilterChain - Will secure any request with [org.springframework.security.web.session.DisableEncodeUrlFilter@37a709bc, org.springframework.security.web.context.request.async.WebAsyncManagerIntegrationFilter@cae60f1, org.springframework.security.web.context.SecurityContextHolderFilter@7e30050, org.springframework.security.web.header.HeaderWriterFilter@50f77992, org.springframework.web.filter.CorsFilter@4e8fab14, org.springframework.security.web.authentication.logout.LogoutFilter@71134823, com.regulareedge.auditanalyticsservice.security.JwtAuthenticationFilter@71458178, org.springframework.security.web.savedrequest.RequestCacheAwareFilter@6b916473, org.springframework.security.web.servletapi.SecurityContextHolderAwareRequestFilter@2ff660ec, org.springframework.security.web.authentication.AnonymousAuthenticationFilter@5247c44f, org.springframework.security.web.session.SessionManagementFilter@5593dd2b, org.springframework.security.web.access.ExceptionTranslationFilter@ba1edf4, org.springframework.security.web.access.intercept.AuthorizationFilter@3e99738e]
2026-07-16 12:04:30 [] INFO  o.s.c.n.e.c.DiscoveryClientOptionalArgsConfiguration - Eureka HTTP Client uses RestTemplate.
2026-07-16 12:04:30 [] WARN  o.s.c.l.c.LoadBalancerCacheAutoConfiguration$LoadBalancerCaffeineWarnLogger - Spring Cloud LoadBalancer is currently working with the default cache. While this cache implementation is useful for development and tests, it's recommended to use Caffeine cache in production.You can switch to using Caffeine cache, by adding it and org.springframework.cache.caffeine.CaffeineCacheManager to the classpath.
2026-07-16 12:04:30 [] INFO  o.s.c.n.eureka.InstanceInfoFactory - Setting initial instance status as: STARTING
2026-07-16 12:04:30 [] INFO  c.netflix.discovery.DiscoveryClient - Initializing Eureka in region us-east-1
2026-07-16 12:04:30 [] INFO  c.n.d.s.r.aws.ConfigClusterResolver - Resolving eureka endpoints via configuration
2026-07-16 12:04:30 [] INFO  c.netflix.discovery.DiscoveryClient - Disable delta property : false
2026-07-16 12:04:30 [] INFO  c.netflix.discovery.DiscoveryClient - Single vip registry refresh property : null
2026-07-16 12:04:30 [] INFO  c.netflix.discovery.DiscoveryClient - Force full registry fetch : false
2026-07-16 12:04:30 [] INFO  c.netflix.discovery.DiscoveryClient - Application is null : false
2026-07-16 12:04:30 [] INFO  c.netflix.discovery.DiscoveryClient - Registered Applications size is zero : true
2026-07-16 12:04:30 [] INFO  c.netflix.discovery.DiscoveryClient - Application version is -1: true
2026-07-16 12:04:30 [] INFO  c.netflix.discovery.DiscoveryClient - Getting all instance registry info from the eureka server
2026-07-16 12:04:31 [] INFO  c.netflix.discovery.DiscoveryClient - The response status is 200
2026-07-16 12:04:31 [] INFO  c.netflix.discovery.DiscoveryClient - Starting heartbeat executor: renew interval is: 10
2026-07-16 12:04:31 [] INFO  c.n.discovery.InstanceInfoReplicator - InstanceInfoReplicator onDemand update allowed rate per min is 4
2026-07-16 12:04:31 [] INFO  c.netflix.discovery.DiscoveryClient - Discovery Client initialized at timestamp 1784183671239 with initial instances count: 7
2026-07-16 12:04:31 [] INFO  o.s.c.n.e.s.EurekaServiceRegistry - Registering application AUDIT-ANALYTICS-SERVICE with eureka with status UP
2026-07-16 12:04:31 [] INFO  c.netflix.discovery.DiscoveryClient - Saw local status change event StatusChangeEvent [timestamp=1784183671280, current=UP, previous=STARTING]
2026-07-16 12:04:31 [] INFO  c.netflix.discovery.DiscoveryClient - DiscoveryClient_AUDIT-ANALYTICS-SERVICE/LTIN708245.cts.com:audit-analytics-service:8084: registering service...
2026-07-16 12:04:31 [] INFO  o.s.b.w.e.tomcat.TomcatWebServer - Tomcat started on port 8084 (http) with context path ''
2026-07-16 12:04:31 [] INFO  o.s.c.n.e.s.EurekaAutoServiceRegistration - Updating port to 8084
2026-07-16 12:04:31 [] INFO  c.r.a.AuditAnalyticsServiceApplication - Started AuditAnalyticsServiceApplication in 18.14 seconds (process running for 18.792)
2026-07-16 12:04:31 [] INFO  c.netflix.discovery.DiscoveryClient - DiscoveryClient_AUDIT-ANALYTICS-SERVICE/LTIN708245.cts.com:audit-analytics-service:8084 - registration status: 204
2026-07-16 12:04:31 [] INFO  o.a.c.c.C.[Tomcat].[localhost].[/] - Initializing Spring DispatcherServlet 'dispatcherServlet'
2026-07-16 12:04:31 [] INFO  o.s.web.servlet.DispatcherServlet - Initializing Servlet 'dispatcherServlet'
2026-07-16 12:04:31 [] INFO  o.s.web.servlet.DispatcherServlet - Completed initialization in 0 ms
2026-07-16 12:04:31 [] WARN  o.s.w.s.h.HandlerMappingIntrospector - Cache miss for REQUEST dispatch to '/actuator/health' (previous null). Performing CorsConfiguration lookup. This is logged once only at WARN level, and every time at TRACE.
2026-07-16 12:04:31 [] WARN  o.s.w.s.h.HandlerMappingIntrospector - Cache miss for REQUEST dispatch to '/actuator/health' (previous null). Performing MatchableHandlerMapping lookup. This is logged once only at WARN level, and every time at TRACE.
2026-07-16 12:09:30 [] INFO  c.n.d.s.r.aws.ConfigClusterResolver - Resolving eureka endpoints via configuration
2026-07-16 12:09:42 [] INFO  c.n.d.s.t.d.RedirectingEurekaHttpClient - Request execution error. endpoint=DefaultEndpoint{ serviceUrl='http://localhost:8761/eureka/} exception=I/O error on PUT request for "http://localhost:8761/eureka/apps/AUDIT-ANALYTICS-SERVICE/LTIN708245.cts.com:audit-analytics-service:8084": Connect to http://localhost:8761 [localhost/127.0.0.1, localhost/0:0:0:0:0:0:0:1] failed: Connection refused: getsockopt stacktrace=org.springframework.web.client.ResourceAccessException: I/O error on PUT request for "http://localhost:8761/eureka/apps/AUDIT-ANALYTICS-SERVICE/LTIN708245.cts.com:audit-analytics-service:8084": Connect to http://localhost:8761 [localhost/127.0.0.1, localhost/0:0:0:0:0:0:0:1] failed: Connection refused: getsockopt
	at org.springframework.web.client.RestTemplate.createResourceAccessException(RestTemplate.java:905)
	at org.springframework.web.client.RestTemplate.doExecute(RestTemplate.java:885)
	at org.springframework.web.client.RestTemplate.execute(RestTemplate.java:781)
	at org.springframework.web.client.RestTemplate.exchange(RestTemplate.java:663)
	at org.springframework.cloud.netflix.eureka.http.RestTemplateEurekaHttpClient.sendHeartBeat(RestTemplateEurekaHttpClient.java:99)
	at com.netflix.discovery.shared.transport.decorator.EurekaHttpClientDecorator$3.execute(EurekaHttpClientDecorator.java:92)
	at com.netflix.discovery.shared.transport.decorator.RedirectingEurekaHttpClient.execute(RedirectingEurekaHttpClient.java:91)
	at com.netflix.discovery.shared.transport.decorator.EurekaHttpClientDecorator.sendHeartBeat(EurekaHttpClientDecorator.java:89)
	at com.netflix.discovery.shared.transport.decorator.EurekaHttpClientDecorator$3.execute(EurekaHttpClientDecorator.java:92)
	at com.netflix.discovery.shared.transport.decorator.RetryableEurekaHttpClient.execute(RetryableEurekaHttpClient.java:120)
	at com.netflix.discovery.shared.transport.decorator.EurekaHttpClientDecorator.sendHeartBeat(EurekaHttpClientDecorator.java:89)
	at com.netflix.discovery.shared.transport.decorator.EurekaHttpClientDecorator$3.execute(EurekaHttpClientDecorator.java:92)
	at com.netflix.discovery.shared.transport.decorator.SessionedEurekaHttpClient.execute(SessionedEurekaHttpClient.java:77)
	at com.netflix.discovery.shared.transport.decorator.EurekaHttpClientDecorator.sendHeartBeat(EurekaHttpClientDecorator.java:89)
	at com.netflix.discovery.DiscoveryClient.renew(DiscoveryClient.java:837)
	at com.netflix.discovery.DiscoveryClient$HeartbeatThread.run(DiscoveryClient.java:1401)
	at java.base/java.util.concurrent.Executors$RunnableAdapter.call(Executors.java:572)
	at java.base/java.util.concurrent.FutureTask.run(FutureTask.java:317)
	at java.base/java.util.concurrent.ThreadPoolExecutor.runWorker(ThreadPoolExecutor.java:1144)
	at java.base/java.util.concurrent.ThreadPoolExecutor$Worker.run(ThreadPoolExecutor.java:642)
	at java.base/java.lang.Thread.run(Thread.java:1583)
Caused by: org.apache.hc.client5.http.HttpHostConnectException: Connect to http://localhost:8761 [localhost/127.0.0.1, localhost/0:0:0:0:0:0:0:1] failed: Connection refused: getsockopt
	at java.base/sun.nio.ch.Net.pollConnect(Native Method)
	at java.base/sun.nio.ch.Net.pollConnectNow(Net.java:682)
	at java.base/sun.nio.ch.NioSocketImpl.timedFinishConnect(NioSocketImpl.java:542)
	at java.base/sun.nio.ch.NioSocketImpl.connect(NioSocketImpl.java:592)
	at java.base/java.net.SocksSocketImpl.connect(SocksSocketImpl.java:327)
	at java.base/java.net.Socket.connect(Socket.java:751)
	at org.apache.hc.client5.http.socket.PlainConnectionSocketFactory.lambda$connectSocket$0(PlainConnectionSocketFactory.java:85)
	at java.base/java.security.AccessController.doPrivileged(AccessController.java:571)
	at org.apache.hc.client5.http.socket.PlainConnectionSocketFactory.connectSocket(PlainConnectionSocketFactory.java:84)
	at org.apache.hc.client5.http.socket.ConnectionSocketFactory.connectSocket(ConnectionSocketFactory.java:113)
	at org.apache.hc.client5.http.impl.io.DefaultHttpClientConnectionOperator.connect(DefaultHttpClientConnectionOperator.java:181)
	at org.apache.hc.client5.http.impl.io.PoolingHttpClientConnectionManager.connect(PoolingHttpClientConnectionManager.java:447)
	at org.apache.hc.client5.http.impl.classic.InternalExecRuntime.connectEndpoint(InternalExecRuntime.java:162)
	at org.apache.hc.client5.http.impl.classic.InternalExecRuntime.connectEndpoint(InternalExecRuntime.java:172)
	at org.apache.hc.client5.http.impl.classic.ConnectExec.execute(ConnectExec.java:142)
	at org.apache.hc.client5.http.impl.classic.ExecChainElement.execute(ExecChainElement.java:51)
	at org.apache.hc.client5.http.impl.classic.ProtocolExec.execute(ProtocolExec.java:192)
	at org.apache.hc.client5.http.impl.classic.ExecChainElement.execute(ExecChainElement.java:51)
	at org.apache.hc.client5.http.impl.classic.HttpRequestRetryExec.execute(HttpRequestRetryExec.java:96)
	at org.apache.hc.client5.http.impl.classic.ExecChainElement.execute(ExecChainElement.java:51)
	at org.apache.hc.client5.http.impl.classic.ContentCompressionExec.execute(ContentCompressionExec.java:152)
	at org.apache.hc.client5.http.impl.classic.ExecChainElement.execute(ExecChainElement.java:51)
	at org.apache.hc.client5.http.impl.classic.RedirectExec.execute(RedirectExec.java:115)
	at org.apache.hc.client5.http.impl.classic.ExecChainElement.execute(ExecChainElement.java:51)
	at org.apache.hc.client5.http.impl.classic.InternalHttpClient.doExecute(InternalHttpClient.java:170)
	at org.apache.hc.client5.http.impl.classic.CloseableHttpClient.execute(CloseableHttpClient.java:87)
	at org.apache.hc.client5.http.impl.classic.CloseableHttpClient.execute(CloseableHttpClient.java:55)
	at org.apache.hc.client5.http.classic.HttpClient.executeOpen(HttpClient.java:183)
	at org.springframework.http.client.HttpComponentsClientHttpRequest.executeInternal(HttpComponentsClientHttpRequest.java:95)
	at org.springframework.http.client.AbstractStreamingClientHttpRequest.executeInternal(AbstractStreamingClientHttpRequest.java:70)
	at org.springframework.http.client.AbstractClientHttpRequest.execute(AbstractClientHttpRequest.java:66)
	at org.springframework.http.client.InterceptingClientHttpRequest$InterceptingRequestExecution.execute(InterceptingClientHttpRequest.java:101)
	at org.springframework.cloud.netflix.eureka.http.RestTemplateTransportClientFactory.lambda$restTemplate$0(RestTemplateTransportClientFactory.java:143)
	at org.springframework.http.client.InterceptingClientHttpRequest$InterceptingRequestExecution.execute(InterceptingClientHttpRequest.java:87)
	at org.springframework.http.client.InterceptingClientHttpRequest.executeInternal(InterceptingClientHttpRequest.java:71)
	at org.springframework.http.client.AbstractBufferingClientHttpRequest.executeInternal(AbstractBufferingClientHttpRequest.java:48)
	at org.springframework.http.client.AbstractClientHttpRequest.execute(AbstractClientHttpRequest.java:66)
	at org.springframework.web.client.RestTemplate.doExecute(RestTemplate.java:879)
	... 19 more

2026-07-16 12:09:42 [] WARN  c.n.d.s.t.d.RetryableEurekaHttpClient - Request execution failed with message: I/O error on PUT request for "http://localhost:8761/eureka/apps/AUDIT-ANALYTICS-SERVICE/LTIN708245.cts.com:audit-analytics-service:8084": Connect to http://localhost:8761 [localhost/127.0.0.1, localhost/0:0:0:0:0:0:0:1] failed: Connection refused: getsockopt
2026-07-16 12:09:42 [] INFO  c.n.d.s.t.d.RedirectingEurekaHttpClient - Request execution error. endpoint=DefaultEndpoint{ serviceUrl='http://localhost:8761/eureka/}, exception=I/O error on PUT request for "http://localhost:8761/eureka/apps/AUDIT-ANALYTICS-SERVICE/LTIN708245.cts.com:audit-analytics-service:8084": Connect to http://localhost:8761 [localhost/127.0.0.1, localhost/0:0:0:0:0:0:0:1] failed: Connection refused: getsockopt stacktrace=org.springframework.web.client.ResourceAccessException: I/O error on PUT request for "http://localhost:8761/eureka/apps/AUDIT-ANALYTICS-SERVICE/LTIN708245.cts.com:audit-analytics-service:8084": Connect to http://localhost:8761 [localhost/127.0.0.1, localhost/0:0:0:0:0:0:0:1] failed: Connection refused: getsockopt
	at org.springframework.web.client.RestTemplate.createResourceAccessException(RestTemplate.java:905)
	at org.springframework.web.client.RestTemplate.doExecute(RestTemplate.java:885)
	at org.springframework.web.client.RestTemplate.execute(RestTemplate.java:781)
	at org.springframework.web.client.RestTemplate.exchange(RestTemplate.java:663)
	at org.springframework.cloud.netflix.eureka.http.RestTemplateEurekaHttpClient.sendHeartBeat(RestTemplateEurekaHttpClient.java:99)
	at com.netflix.discovery.shared.transport.decorator.EurekaHttpClientDecorator$3.execute(EurekaHttpClientDecorator.java:92)
	at com.netflix.discovery.shared.transport.decorator.RedirectingEurekaHttpClient.executeOnNewServer(RedirectingEurekaHttpClient.java:121)
	at com.netflix.discovery.shared.transport.decorator.RedirectingEurekaHttpClient.execute(RedirectingEurekaHttpClient.java:80)
	at com.netflix.discovery.shared.transport.decorator.EurekaHttpClientDecorator.sendHeartBeat(EurekaHttpClientDecorator.java:89)
	at com.netflix.discovery.shared.transport.decorator.EurekaHttpClientDecorator$3.execute(EurekaHttpClientDecorator.java:92)
	at com.netflix.discovery.shared.transport.decorator.RetryableEurekaHttpClient.execute(RetryableEurekaHttpClient.java:120)
	at com.netflix.discovery.shared.transport.decorator.EurekaHttpClientDecorator.sendHeartBeat(EurekaHttpClientDecorator.java:89)
	at com.netflix.discovery.shared.transport.decorator.EurekaHttpClientDecorator$3.execute(EurekaHttpClientDecorator.java:92)
	at com.netflix.discovery.shared.transport.decorator.SessionedEurekaHttpClient.execute(SessionedEurekaHttpClient.java:77)
	at com.netflix.discovery.shared.transport.decorator.EurekaHttpClientDecorator.sendHeartBeat(EurekaHttpClientDecorator.java:89)
	at com.netflix.discovery.DiscoveryClient.renew(DiscoveryClient.java:837)
	at com.netflix.discovery.DiscoveryClient$HeartbeatThread.run(DiscoveryClient.java:1401)
	at java.base/java.util.concurrent.Executors$RunnableAdapter.call(Executors.java:572)
	at java.base/java.util.concurrent.FutureTask.run(FutureTask.java:317)
	at java.base/java.util.concurrent.ThreadPoolExecutor.runWorker(ThreadPoolExecutor.java:1144)
	at java.base/java.util.concurrent.ThreadPoolExecutor$Worker.run(ThreadPoolExecutor.java:642)
	at java.base/java.lang.Thread.run(Thread.java:1583)
Caused by: org.apache.hc.client5.http.HttpHostConnectException: Connect to http://localhost:8761 [localhost/127.0.0.1, localhost/0:0:0:0:0:0:0:1] failed: Connection refused: getsockopt
	at java.base/sun.nio.ch.Net.pollConnect(Native Method)
	at java.base/sun.nio.ch.Net.pollConnectNow(Net.java:682)
	at java.base/sun.nio.ch.NioSocketImpl.timedFinishConnect(NioSocketImpl.java:542)
	at java.base/sun.nio.ch.NioSocketImpl.connect(NioSocketImpl.java:592)
	at java.base/java.net.SocksSocketImpl.connect(SocksSocketImpl.java:327)
	at java.base/java.net.Socket.connect(Socket.java:751)
	at org.apache.hc.client5.http.socket.PlainConnectionSocketFactory.lambda$connectSocket$0(PlainConnectionSocketFactory.java:85)
	at java.base/java.security.AccessController.doPrivileged(AccessController.java:571)
	at org.apache.hc.client5.http.socket.PlainConnectionSocketFactory.connectSocket(PlainConnectionSocketFactory.java:84)
	at org.apache.hc.client5.http.socket.ConnectionSocketFactory.connectSocket(ConnectionSocketFactory.java:113)
	at org.apache.hc.client5.http.impl.io.DefaultHttpClientConnectionOperator.connect(DefaultHttpClientConnectionOperator.java:181)
	at org.apache.hc.client5.http.impl.io.PoolingHttpClientConnectionManager.connect(PoolingHttpClientConnectionManager.java:447)
	at org.apache.hc.client5.http.impl.classic.InternalExecRuntime.connectEndpoint(InternalExecRuntime.java:162)
	at org.apache.hc.client5.http.impl.classic.InternalExecRuntime.connectEndpoint(InternalExecRuntime.java:172)
	at org.apache.hc.client5.http.impl.classic.ConnectExec.execute(ConnectExec.java:142)
	at org.apache.hc.client5.http.impl.classic.ExecChainElement.execute(ExecChainElement.java:51)
	at org.apache.hc.client5.http.impl.classic.ProtocolExec.execute(ProtocolExec.java:192)
	at org.apache.hc.client5.http.impl.classic.ExecChainElement.execute(ExecChainElement.java:51)
	at org.apache.hc.client5.http.impl.classic.HttpRequestRetryExec.execute(HttpRequestRetryExec.java:96)
	at org.apache.hc.client5.http.impl.classic.ExecChainElement.execute(ExecChainElement.java:51)
	at org.apache.hc.client5.http.impl.classic.ContentCompressionExec.execute(ContentCompressionExec.java:152)
	at org.apache.hc.client5.http.impl.classic.ExecChainElement.execute(ExecChainElement.java:51)
	at org.apache.hc.client5.http.impl.classic.RedirectExec.execute(RedirectExec.java:115)
	at org.apache.hc.client5.http.impl.classic.ExecChainElement.execute(ExecChainElement.java:51)
	at org.apache.hc.client5.http.impl.classic.InternalHttpClient.doExecute(InternalHttpClient.java:170)
	at org.apache.hc.client5.http.impl.classic.CloseableHttpClient.execute(CloseableHttpClient.java:87)
	at org.apache.hc.client5.http.impl.classic.CloseableHttpClient.execute(CloseableHttpClient.java:55)
	at org.apache.hc.client5.http.classic.HttpClient.executeOpen(HttpClient.java:183)
	at org.springframework.http.client.HttpComponentsClientHttpRequest.executeInternal(HttpComponentsClientHttpRequest.java:95)
	at org.springframework.http.client.AbstractStreamingClientHttpRequest.executeInternal(AbstractStreamingClientHttpRequest.java:70)
	at org.springframework.http.client.AbstractClientHttpRequest.execute(AbstractClientHttpRequest.java:66)
	at org.springframework.http.client.InterceptingClientHttpRequest$InterceptingRequestExecution.execute(InterceptingClientHttpRequest.java:101)
	at org.springframework.cloud.netflix.eureka.http.RestTemplateTransportClientFactory.lambda$restTemplate$0(RestTemplateTransportClientFactory.java:143)
	at org.springframework.http.client.InterceptingClientHttpRequest$InterceptingRequestExecution.execute(InterceptingClientHttpRequest.java:87)
	at org.springframework.http.client.InterceptingClientHttpRequest.executeInternal(InterceptingClientHttpRequest.java:71)
	at org.springframework.http.client.AbstractBufferingClientHttpRequest.executeInternal(AbstractBufferingClientHttpRequest.java:48)
	at org.springframework.http.client.AbstractClientHttpRequest.execute(AbstractClientHttpRequest.java:66)
	at org.springframework.web.client.RestTemplate.doExecute(RestTemplate.java:879)
	... 20 more

2026-07-16 12:09:42 [] WARN  c.n.d.s.t.d.RetryableEurekaHttpClient - Request execution failed with message: I/O error on PUT request for "http://localhost:8761/eureka/apps/AUDIT-ANALYTICS-SERVICE/LTIN708245.cts.com:audit-analytics-service:8084": Connect to http://localhost:8761 [localhost/127.0.0.1, localhost/0:0:0:0:0:0:0:1] failed: Connection refused: getsockopt
2026-07-16 12:09:42 [] ERROR c.netflix.discovery.DiscoveryClient - DiscoveryClient_AUDIT-ANALYTICS-SERVICE/LTIN708245.cts.com:audit-analytics-service:8084 - was unable to send heartbeat!
com.netflix.discovery.shared.transport.TransportException: Cannot execute request on any known server
	at com.netflix.discovery.shared.transport.decorator.RetryableEurekaHttpClient.execute(RetryableEurekaHttpClient.java:112)
	at com.netflix.discovery.shared.transport.decorator.EurekaHttpClientDecorator.sendHeartBeat(EurekaHttpClientDecorator.java:89)
	at com.netflix.discovery.shared.transport.decorator.EurekaHttpClientDecorator$3.execute(EurekaHttpClientDecorator.java:92)
	at com.netflix.discovery.shared.transport.decorator.SessionedEurekaHttpClient.execute(SessionedEurekaHttpClient.java:77)
	at com.netflix.discovery.shared.transport.decorator.EurekaHttpClientDecorator.sendHeartBeat(EurekaHttpClientDecorator.java:89)
	at com.netflix.discovery.DiscoveryClient.renew(DiscoveryClient.java:837)
	at com.netflix.discovery.DiscoveryClient$HeartbeatThread.run(DiscoveryClient.java:1401)
	at java.base/java.util.concurrent.Executors$RunnableAdapter.call(Executors.java:572)
	at java.base/java.util.concurrent.FutureTask.run(FutureTask.java:317)
	at java.base/java.util.concurrent.ThreadPoolExecutor.runWorker(ThreadPoolExecutor.java:1144)
	at java.base/java.util.concurrent.ThreadPoolExecutor$Worker.run(ThreadPoolExecutor.java:642)
	at java.base/java.lang.Thread.run(Thread.java:1583)
2026-07-16 12:33:43 [] INFO  c.r.a.AuditAnalyticsServiceApplication - Starting AuditAnalyticsServiceApplication using Java 21.0.2 with PID 3956 (C:\Users\2507305\Desktop\MicroServices\audit-analytics-service\target\classes started by 2507305 in C:\Users\2507305\Desktop\MicroServices\audit-analytics-service)
2026-07-16 12:33:43 [] DEBUG c.r.a.AuditAnalyticsServiceApplication - Running with Spring Boot v3.2.0, Spring v6.1.1
2026-07-16 12:33:43 [] INFO  c.r.a.AuditAnalyticsServiceApplication - No active profile set, falling back to 1 default profile: "default"
2026-07-16 12:33:43 [] INFO  o.s.c.c.c.ConfigServerConfigDataLoader - Fetching config from server at : http://localhost:8888
2026-07-16 12:33:43 [] INFO  o.s.c.c.c.ConfigServerConfigDataLoader - Located environment: name=audit-analytics-service, profiles=[default], label=null, version=null, state=null
2026-07-16 12:33:45 [] INFO  o.s.d.r.c.RepositoryConfigurationDelegate - Bootstrapping Spring Data JPA repositories in DEFAULT mode.
2026-07-16 12:33:46 [] INFO  o.s.d.r.c.RepositoryConfigurationDelegate - Finished Spring Data repository scanning in 368 ms. Found 3 JPA repository interfaces.
2026-07-16 12:33:46 [] INFO  o.s.cloud.context.scope.GenericScope - BeanFactory id=f166a8af-285f-3095-b0c2-20acbb19b05c
2026-07-16 12:33:47 [] WARN  o.s.c.s.PostProcessorRegistrationDelegate$BeanPostProcessorChecker - Bean 'org.springframework.cloud.client.loadbalancer.LoadBalancerAutoConfiguration$LoadBalancerInterceptorConfig' of type [org.springframework.cloud.client.loadbalancer.LoadBalancerAutoConfiguration$LoadBalancerInterceptorConfig] is not eligible for getting processed by all BeanPostProcessors (for example: not eligible for auto-proxying). The currently created BeanPostProcessor [lbRestClientPostProcessor] is declared through a non-static factory method on that class; consider declaring it as static instead.
2026-07-16 12:33:47 [] WARN  o.s.c.s.PostProcessorRegistrationDelegate$BeanPostProcessorChecker - Bean 'org.springframework.cloud.loadbalancer.config.BlockingLoadBalancerClientAutoConfiguration' of type [org.springframework.cloud.loadbalancer.config.BlockingLoadBalancerClientAutoConfiguration] is not eligible for getting processed by all BeanPostProcessors (for example: not eligible for auto-proxying). Is this bean getting eagerly injected into a currently created BeanPostProcessor [lbRestClientPostProcessor]? Check the corresponding BeanPostProcessor declaration and its dependencies.
2026-07-16 12:33:47 [] WARN  o.s.c.s.PostProcessorRegistrationDelegate$BeanPostProcessorChecker - Bean 'org.springframework.cloud.loadbalancer.config.LoadBalancerAutoConfiguration' of type [org.springframework.cloud.loadbalancer.config.LoadBalancerAutoConfiguration] is not eligible for getting processed by all BeanPostProcessors (for example: not eligible for auto-proxying). Is this bean getting eagerly injected into a currently created BeanPostProcessor [lbRestClientPostProcessor]? Check the corresponding BeanPostProcessor declaration and its dependencies.
2026-07-16 12:33:47 [] WARN  o.s.c.s.PostProcessorRegistrationDelegate$BeanPostProcessorChecker - Bean 'org.springframework.cloud.commons.config.CommonsConfigAutoConfiguration' of type [org.springframework.cloud.commons.config.CommonsConfigAutoConfiguration] is not eligible for getting processed by all BeanPostProcessors (for example: not eligible for auto-proxying). Is this bean getting eagerly injected into a currently created BeanPostProcessor [lbRestClientPostProcessor]? Check the corresponding BeanPostProcessor declaration and its dependencies.
2026-07-16 12:33:47 [] WARN  o.s.c.s.PostProcessorRegistrationDelegate$BeanPostProcessorChecker - Bean 'org.springframework.cloud.client.loadbalancer.LoadBalancerDefaultMappingsProviderAutoConfiguration' of type [org.springframework.cloud.client.loadbalancer.LoadBalancerDefaultMappingsProviderAutoConfiguration] is not eligible for getting processed by all BeanPostProcessors (for example: not eligible for auto-proxying). Is this bean getting eagerly injected into a currently created BeanPostProcessor [lbRestClientPostProcessor]? Check the corresponding BeanPostProcessor declaration and its dependencies.
2026-07-16 12:33:47 [] WARN  o.s.c.s.PostProcessorRegistrationDelegate$BeanPostProcessorChecker - Bean 'loadBalancerClientsDefaultsMappingsProvider' of type [org.springframework.cloud.client.loadbalancer.LoadBalancerDefaultMappingsProviderAutoConfiguration$$Lambda/0x00000239cd534c80] is not eligible for getting processed by all BeanPostProcessors (for example: not eligible for auto-proxying). Is this bean getting eagerly injected into a currently created BeanPostProcessor [lbRestClientPostProcessor]? Check the corresponding BeanPostProcessor declaration and its dependencies.
2026-07-16 12:33:47 [] WARN  o.s.c.s.PostProcessorRegistrationDelegate$BeanPostProcessorChecker - Bean 'defaultsBindHandlerAdvisor' of type [org.springframework.cloud.commons.config.DefaultsBindHandlerAdvisor] is not eligible for getting processed by all BeanPostProcessors (for example: not eligible for auto-proxying). Is this bean getting eagerly injected into a currently created BeanPostProcessor [lbRestClientPostProcessor]? Check the corresponding BeanPostProcessor declaration and its dependencies.
2026-07-16 12:33:47 [] WARN  o.s.c.s.PostProcessorRegistrationDelegate$BeanPostProcessorChecker - Bean 'spring.cloud.loadbalancer-org.springframework.cloud.client.loadbalancer.LoadBalancerClientsProperties' of type [org.springframework.cloud.client.loadbalancer.LoadBalancerClientsProperties] is not eligible for getting processed by all BeanPostProcessors (for example: not eligible for auto-proxying). Is this bean getting eagerly injected into a currently created BeanPostProcessor [lbRestClientPostProcessor]? Check the corresponding BeanPostProcessor declaration and its dependencies.
2026-07-16 12:33:47 [] WARN  o.s.c.s.PostProcessorRegistrationDelegate$BeanPostProcessorChecker - Bean 'default.org.springframework.cloud.loadbalancer.config.LoadBalancerAutoConfiguration.LoadBalancerClientSpecification' of type [org.springframework.cloud.loadbalancer.annotation.LoadBalancerClientSpecification] is not eligible for getting processed by all BeanPostProcessors (for example: not eligible for auto-proxying). Is this bean getting eagerly injected into a currently created BeanPostProcessor [lbRestClientPostProcessor]? Check the corresponding BeanPostProcessor declaration and its dependencies.
2026-07-16 12:33:47 [] WARN  o.s.c.s.PostProcessorRegistrationDelegate$BeanPostProcessorChecker - Bean 'default.org.springframework.cloud.loadbalancer.config.BlockingLoadBalancerClientAutoConfiguration.LoadBalancerClientSpecification' of type [org.springframework.cloud.loadbalancer.annotation.LoadBalancerClientSpecification] is not eligible for getting processed by all BeanPostProcessors (for example: not eligible for auto-proxying). Is this bean getting eagerly injected into a currently created BeanPostProcessor [lbRestClientPostProcessor]? Check the corresponding BeanPostProcessor declaration and its dependencies.
2026-07-16 12:33:47 [] WARN  o.s.c.s.PostProcessorRegistrationDelegate$BeanPostProcessorChecker - Bean 'default.org.springframework.cloud.netflix.eureka.loadbalancer.LoadBalancerEurekaAutoConfiguration.LoadBalancerClientSpecification' of type [org.springframework.cloud.loadbalancer.annotation.LoadBalancerClientSpecification] is not eligible for getting processed by all BeanPostProcessors (for example: not eligible for auto-proxying). Is this bean getting eagerly injected into a currently created BeanPostProcessor [lbRestClientPostProcessor]? Check the corresponding BeanPostProcessor declaration and its dependencies.
2026-07-16 12:33:47 [] WARN  o.s.c.s.PostProcessorRegistrationDelegate$BeanPostProcessorChecker - Bean 'loadBalancerClientFactory' of type [org.springframework.cloud.loadbalancer.support.LoadBalancerClientFactory] is not eligible for getting processed by all BeanPostProcessors (for example: not eligible for auto-proxying). Is this bean getting eagerly injected into a currently created BeanPostProcessor [lbRestClientPostProcessor]? Check the corresponding BeanPostProcessor declaration and its dependencies.
2026-07-16 12:33:47 [] WARN  o.s.c.s.PostProcessorRegistrationDelegate$BeanPostProcessorChecker - Bean 'blockingLoadBalancerClient' of type [org.springframework.cloud.loadbalancer.blocking.client.BlockingLoadBalancerClient] is not eligible for getting processed by all BeanPostProcessors (for example: not eligible for auto-proxying). Is this bean getting eagerly injected into a currently created BeanPostProcessor [lbRestClientPostProcessor]? Check the corresponding BeanPostProcessor declaration and its dependencies.
2026-07-16 12:33:47 [] WARN  o.s.c.s.PostProcessorRegistrationDelegate$BeanPostProcessorChecker - Bean 'loadBalancerServiceInstanceCookieTransformer' of type [org.springframework.cloud.loadbalancer.core.LoadBalancerServiceInstanceCookieTransformer] is not eligible for getting processed by all BeanPostProcessors (for example: not eligible for auto-proxying). Is this bean getting eagerly injected into a currently created BeanPostProcessor [lbRestClientPostProcessor]? Check the corresponding BeanPostProcessor declaration and its dependencies.
2026-07-16 12:33:47 [] WARN  o.s.c.s.PostProcessorRegistrationDelegate$BeanPostProcessorChecker - Bean 'xForwarderHeadersTransformer' of type [org.springframework.cloud.loadbalancer.blocking.XForwardedHeadersTransformer] is not eligible for getting processed by all BeanPostProcessors (for example: not eligible for auto-proxying). Is this bean getting eagerly injected into a currently created BeanPostProcessor [lbRestClientPostProcessor]? Check the corresponding BeanPostProcessor declaration and its dependencies.
2026-07-16 12:33:47 [] WARN  o.s.c.s.PostProcessorRegistrationDelegate$BeanPostProcessorChecker - Bean 'org.springframework.cloud.client.loadbalancer.LoadBalancerAutoConfiguration' of type [org.springframework.cloud.client.loadbalancer.LoadBalancerAutoConfiguration] is not eligible for getting processed by all BeanPostProcessors (for example: not eligible for auto-proxying). Is this bean getting eagerly injected into a currently created BeanPostProcessor [lbRestClientPostProcessor]? Check the corresponding BeanPostProcessor declaration and its dependencies.
2026-07-16 12:33:47 [] WARN  o.s.c.s.PostProcessorRegistrationDelegate$BeanPostProcessorChecker - Bean 'loadBalancerRequestFactory' of type [org.springframework.cloud.client.loadbalancer.LoadBalancerRequestFactory] is not eligible for getting processed by all BeanPostProcessors (for example: not eligible for auto-proxying). Is this bean getting eagerly injected into a currently created BeanPostProcessor [lbRestClientPostProcessor]? Check the corresponding BeanPostProcessor declaration and its dependencies.
2026-07-16 12:33:47 [] WARN  o.s.c.s.PostProcessorRegistrationDelegate$BeanPostProcessorChecker - Bean 'loadBalancerInterceptor' of type [org.springframework.cloud.client.loadbalancer.LoadBalancerInterceptor] is not eligible for getting processed by all BeanPostProcessors (for example: not eligible for auto-proxying). Is this bean getting eagerly injected into a currently created BeanPostProcessor [lbRestClientPostProcessor]? Check the corresponding BeanPostProcessor declaration and its dependencies.
2026-07-16 12:33:48 [] INFO  o.s.b.w.e.tomcat.TomcatWebServer - Tomcat initialized with port 8084 (http)
2026-07-16 12:33:48 [] INFO  o.a.catalina.core.StandardService - Starting service [Tomcat]
2026-07-16 12:33:48 [] INFO  o.a.catalina.core.StandardEngine - Starting Servlet engine: [Apache Tomcat/10.1.16]
2026-07-16 12:33:48 [] INFO  o.a.c.c.C.[Tomcat].[localhost].[/] - Initializing Spring embedded WebApplicationContext
2026-07-16 12:33:48 [] INFO  o.s.b.w.s.c.ServletWebServerApplicationContext - Root WebApplicationContext: initialization completed in 4607 ms
2026-07-16 12:33:48 [] DEBUG c.r.a.s.JwtAuthenticationFilter - Filter 'jwtAuthenticationFilter' configured for use
2026-07-16 12:33:48 [] INFO  o.h.jpa.internal.util.LogHelper - HHH000204: Processing PersistenceUnitInfo [name: default]
2026-07-16 12:33:48 [] INFO  org.hibernate.Version - HHH000412: Hibernate ORM core version 6.3.1.Final
2026-07-16 12:33:49 [] INFO  o.h.c.i.RegionFactoryInitiator - HHH000026: Second-level cache disabled
2026-07-16 12:33:49 [] INFO  o.s.o.j.p.SpringPersistenceUnitInfo - No LoadTimeWeaver setup: ignoring JPA class transformer
2026-07-16 12:33:49 [] INFO  com.zaxxer.hikari.HikariDataSource - HikariPool-1 - Starting...
2026-07-16 12:33:50 [] INFO  com.zaxxer.hikari.pool.HikariPool - HikariPool-1 - Added connection com.mysql.cj.jdbc.ConnectionImpl@3f36c191
2026-07-16 12:33:50 [] INFO  com.zaxxer.hikari.HikariDataSource - HikariPool-1 - Start completed.
2026-07-16 12:33:50 [] WARN  org.hibernate.orm.deprecation - HHH90000025: MySQLDialect does not need to be specified explicitly using 'hibernate.dialect' (remove the property setting and it will be selected by default)
2026-07-16 12:33:51 [] INFO  o.h.e.t.j.p.i.JtaPlatformInitiator - HHH000489: No JTA platform available (set 'hibernate.transaction.jta.platform' to enable JTA platform integration)
2026-07-16 12:33:51 [] INFO  o.s.o.j.LocalContainerEntityManagerFactoryBean - Initialized JPA EntityManagerFactory for persistence unit 'default'
2026-07-16 12:33:52 [] WARN  o.s.b.a.o.j.JpaBaseConfiguration$JpaWebConfiguration - spring.jpa.open-in-view is enabled by default. Therefore, database queries may be performed during view rendering. Explicitly configure spring.jpa.open-in-view to disable this warning
2026-07-16 12:33:53 [] INFO  o.s.c.o.FeignClientFactoryBean - For 'return-management-service' URL not provided. Will try picking an instance via load-balancing.
2026-07-16 12:33:53 [] INFO  o.s.c.o.FeignClientFactoryBean - For 'compliance-core-service' URL not provided. Will try picking an instance via load-balancing.
2026-07-16 12:33:54 [] WARN  o.s.b.a.s.s.UserDetailsServiceAutoConfiguration - 

Using generated security password: 906d8a56-5d11-4e4f-9aa7-da1f0be654ff

This generated password is for development use only. Your security configuration must be updated before running your application in production.

2026-07-16 12:33:55 [] INFO  o.s.b.a.e.web.EndpointLinksResolver - Exposing 4 endpoint(s) beneath base path '/actuator'
2026-07-16 12:33:55 [] INFO  o.s.s.web.DefaultSecurityFilterChain - Will secure any request with [org.springframework.security.web.session.DisableEncodeUrlFilter@45571cc9, org.springframework.security.web.context.request.async.WebAsyncManagerIntegrationFilter@476bdad6, org.springframework.security.web.context.SecurityContextHolderFilter@6659e7f5, org.springframework.security.web.header.HeaderWriterFilter@13d63185, org.springframework.web.filter.CorsFilter@4d7687f9, org.springframework.security.web.authentication.logout.LogoutFilter@8a641ed, com.regulareedge.auditanalyticsservice.security.JwtAuthenticationFilter@543ba2e1, org.springframework.security.web.savedrequest.RequestCacheAwareFilter@269c07d, org.springframework.security.web.servletapi.SecurityContextHolderAwareRequestFilter@1635b03f, org.springframework.security.web.authentication.AnonymousAuthenticationFilter@3035c07c, org.springframework.security.web.session.SessionManagementFilter@2633d812, org.springframework.security.web.access.ExceptionTranslationFilter@5c206e9c, org.springframework.security.web.access.intercept.AuthorizationFilter@46179420]
2026-07-16 12:33:57 [] INFO  o.s.c.n.e.c.DiscoveryClientOptionalArgsConfiguration - Eureka HTTP Client uses RestTemplate.
2026-07-16 12:33:57 [] WARN  o.s.c.l.c.LoadBalancerCacheAutoConfiguration$LoadBalancerCaffeineWarnLogger - Spring Cloud LoadBalancer is currently working with the default cache. While this cache implementation is useful for development and tests, it's recommended to use Caffeine cache in production.You can switch to using Caffeine cache, by adding it and org.springframework.cache.caffeine.CaffeineCacheManager to the classpath.
2026-07-16 12:33:58 [] INFO  o.s.c.n.eureka.InstanceInfoFactory - Setting initial instance status as: STARTING
2026-07-16 12:33:58 [] INFO  c.netflix.discovery.DiscoveryClient - Initializing Eureka in region us-east-1
2026-07-16 12:33:58 [] INFO  c.n.d.s.r.aws.ConfigClusterResolver - Resolving eureka endpoints via configuration
2026-07-16 12:33:58 [] INFO  c.netflix.discovery.DiscoveryClient - Disable delta property : false
2026-07-16 12:33:58 [] INFO  c.netflix.discovery.DiscoveryClient - Single vip registry refresh property : null
2026-07-16 12:33:58 [] INFO  c.netflix.discovery.DiscoveryClient - Force full registry fetch : false
2026-07-16 12:33:58 [] INFO  c.netflix.discovery.DiscoveryClient - Application is null : false
2026-07-16 12:33:58 [] INFO  c.netflix.discovery.DiscoveryClient - Registered Applications size is zero : true
2026-07-16 12:33:58 [] INFO  c.netflix.discovery.DiscoveryClient - Application version is -1: true
2026-07-16 12:33:58 [] INFO  c.netflix.discovery.DiscoveryClient - Getting all instance registry info from the eureka server
2026-07-16 12:33:58 [] INFO  c.netflix.discovery.DiscoveryClient - The response status is 200
2026-07-16 12:33:58 [] INFO  c.netflix.discovery.DiscoveryClient - Starting heartbeat executor: renew interval is: 10
2026-07-16 12:33:58 [] INFO  c.n.discovery.InstanceInfoReplicator - InstanceInfoReplicator onDemand update allowed rate per min is 4
2026-07-16 12:33:58 [] INFO  c.netflix.discovery.DiscoveryClient - Discovery Client initialized at timestamp 1784185438564 with initial instances count: 7
2026-07-16 12:33:58 [] INFO  o.s.c.n.e.s.EurekaServiceRegistry - Registering application AUDIT-ANALYTICS-SERVICE with eureka with status UP
2026-07-16 12:33:58 [] INFO  c.netflix.discovery.DiscoveryClient - Saw local status change event StatusChangeEvent [timestamp=1784185438576, current=UP, previous=STARTING]
2026-07-16 12:33:58 [] INFO  c.netflix.discovery.DiscoveryClient - DiscoveryClient_AUDIT-ANALYTICS-SERVICE/LTIN708245.cts.com:audit-analytics-service:8084: registering service...
2026-07-16 12:33:58 [] INFO  o.s.b.w.e.tomcat.TomcatWebServer - Tomcat started on port 8084 (http) with context path ''
2026-07-16 12:33:58 [] INFO  o.s.c.n.e.s.EurekaAutoServiceRegistration - Updating port to 8084
2026-07-16 12:33:58 [] INFO  c.r.a.AuditAnalyticsServiceApplication - Started AuditAnalyticsServiceApplication in 16.888 seconds (process running for 17.684)
2026-07-16 12:33:58 [] INFO  c.netflix.discovery.DiscoveryClient - DiscoveryClient_AUDIT-ANALYTICS-SERVICE/LTIN708245.cts.com:audit-analytics-service:8084 - registration status: 204
2026-07-16 12:33:58 [] INFO  o.a.c.c.C.[Tomcat].[localhost].[/] - Initializing Spring DispatcherServlet 'dispatcherServlet'
2026-07-16 12:33:58 [] INFO  o.s.web.servlet.DispatcherServlet - Initializing Servlet 'dispatcherServlet'
2026-07-16 12:33:58 [] INFO  o.s.web.servlet.DispatcherServlet - Completed initialization in 0 ms
2026-07-16 12:33:58 [] WARN  o.s.w.s.h.HandlerMappingIntrospector - Cache miss for REQUEST dispatch to '/actuator/health' (previous null). Performing CorsConfiguration lookup. This is logged once only at WARN level, and every time at TRACE.
2026-07-16 12:33:58 [] WARN  o.s.w.s.h.HandlerMappingIntrospector - Cache miss for REQUEST dispatch to '/actuator/health' (previous null). Performing MatchableHandlerMapping lookup. This is logged once only at WARN level, and every time at TRACE.
2026-07-16 12:38:58 [] INFO  c.n.d.s.r.aws.ConfigClusterResolver - Resolving eureka endpoints via configuration
2026-07-16 12:40:50 [] INFO  o.s.api.AbstractOpenApiResource - Init duration for springdoc-openapi is: 267 ms
2026-07-16 12:42:57 [] INFO  o.s.api.AbstractOpenApiResource - Init duration for springdoc-openapi is: 190 ms
2026-07-16 12:43:58 [] INFO  c.n.d.s.r.aws.ConfigClusterResolver - Resolving eureka endpoints via configuration
2026-07-16 13:53:45 [] WARN  com.zaxxer.hikari.pool.HikariPool - HikariPool-1 - Thread starvation or clock leap detected (housekeeper delta=1h8m55s543ms605µs500ns).
2026-07-16 14:02:51 [] WARN  com.zaxxer.hikari.pool.HikariPool - HikariPool-1 - Thread starvation or clock leap detected (housekeeper delta=6m5s724ms504µs500ns).
2026-07-16 14:02:59 [] INFO  c.n.d.s.r.aws.ConfigClusterResolver - Resolving eureka endpoints via configuration
2026-07-16 14:07:59 [] INFO  c.n.d.s.r.aws.ConfigClusterResolver - Resolving eureka endpoints via configuration
2026-07-16 14:12:59 [] INFO  c.n.d.s.r.aws.ConfigClusterResolver - Resolving eureka endpoints via configuration
